# JRE version: Java(TM) SE Runtime Environment (8.0_144-b01) (build 1.8.0_144-b01)
# Java VM: Java HotSpot(TM) 64-Bit Server VM (25.144-b01 mixed mode windows-amd64 compressed oops)
Heap:
 PSYoungGen      total 175104K, used 151945K [0x00000007b4000000, 0x00000007bec00000, 0x00000007c0000000)
  eden space 174592K, 86% used [0x00000007b4000000,0x00000007bd4424b8,0x00000007bea80000)
  from space 512K, 25% used [0x00000007bea80000,0x00000007beaa0000,0x00000007beb00000)
  to   space 512K, 0% used [0x00000007beb80000,0x00000007beb80000,0x00000007bec00000)
 ParOldGen       total 250880K, used 135366K [0x0000000790000000, 0x000000079f500000, 0x00000007b4000000)
  object space 250880K, 53% used [0x0000000790000000,0x0000000798431b78,0x000000079f500000)
 Metaspace       used 98599K, capacity 99346K, committed 100608K, reserved 1136640K
  class space    used 13808K, capacity 13970K, committed 14080K, reserved 1048576K
GC Heap History (10 events):
Event: 312946.472 GC heap before
{Heap before GC invocations=1094 (full 7):
 PSYoungGen      total 174080K, used 173760K [0x00000007b4000000, 0x00000007bea80000, 0x00000007c0000000)
  eden space 173568K, 100% used [0x00000007b4000000,0x00000007be980000,0x00000007be980000)
  from space 512K, 37% used [0x00000007bea00000,0x00000007bea30000,0x00000007bea80000)
  to   space 512K, 0% used [0x00000007be980000,0x00000007be980000,0x00000007bea00000)
 ParOldGen       total 250880K, used 135366K [0x0000000790000000, 0x000000079f500000, 0x00000007b4000000)
  object space 250880K, 53% used [0x0000000790000000,0x0000000798431b78,0x000000079f500000)
 Metaspace       used 98575K, capacity 99276K, committed 100352K, reserved 1136640K
  class space    used 13807K, capacity 13969K, committed 14080K, reserved 1048576K
Event: 312946.475 GC heap after
Heap after GC invocations=1094 (full 7):
 PSYoungGen      total 174080K, used 160K [0x00000007b4000000, 0x00000007beb00000, 0x00000007c0000000)
  eden space 173568K, 0% used [0x00000007b4000000,0x00000007b4000000,0x00000007be980000)
  from space 512K, 31% used [0x00000007be980000,0x00000007be9a8000,0x00000007bea00000)
  to   space 512K, 0% used [0x00000007bea80000,0x00000007bea80000,0x00000007beb00000)
 ParOldGen       total 250880K, used 135366K [0x0000000790000000, 0x000000079f500000, 0x00000007b4000000)
  object space 250880K, 53% used [0x0000000790000000,0x0000000798431b78,0x000000079f500000)
 Metaspace       used 98575K, capacity 99276K, committed 100352K, reserved 1136640K
  class space    used 13807K, capacity 13969K, committed 14080K, reserved 1048576K
}
Event: 313570.500 GC heap before
{Heap before GC invocations=1095 (full 7):
 PSYoungGen      total 174080K, used 173728K [0x00000007b4000000, 0x00000007beb00000, 0x00000007c0000000)
  eden space 173568K, 100% used [0x00000007b4000000,0x00000007be980000,0x00000007be980000)
  from space 512K, 31% used [0x00000007be980000,0x00000007be9a8000,0x00000007bea00000)
  to   space 512K, 0% used [0x00000007bea80000,0x00000007bea80000,0x00000007beb00000)
 ParOldGen       total 250880K, used 135366K [0x0000000790000000, 0x000000079f500000, 0x00000007b4000000)
  object space 250880K, 53% used [0x0000000790000000,0x0000000798431b78,0x000000079f500000)
 Metaspace       used 98575K, capacity 99276K, committed 100352K, reserved 1136640K
  class space    used 13807K, capacity 13969K, committed 14080K, reserved 1048576K
Event: 313570.503 GC heap after
Heap after GC invocations=1095 (full 7):
 PSYoungGen      total 174592K, used 128K [0x00000007b4000000, 0x00000007beb00000, 0x00000007c0000000)
  eden space 174080K, 0% used [0x00000007b4000000,0x00000007b4000000,0x00000007bea00000)
  from space 512K, 25% used [0x00000007bea80000,0x00000007beaa0000,0x00000007beb00000)
  to   space 512K, 0% used [0x00000007bea00000,0x00000007bea00000,0x00000007bea80000)
 ParOldGen       total 250880K, used 135366K [0x0000000790000000, 0x000000079f500000, 0x00000007b4000000)
  object space 250880K, 53% used [0x0000000790000000,0x0000000798431b78,0x000000079f500000)
 Metaspace       used 98575K, capacity 99276K, committed 100352K, reserved 1136640K
  class space    used 13807K, capacity 13969K, committed 14080K, reserved 1048576K
}
Event: 314194.531 GC heap before
{Heap before GC invocations=1096 (full 7):
 PSYoungGen      total 174592K, used 174208K [0x00000007b4000000, 0x00000007beb00000, 0x00000007c0000000)
  eden space 174080K, 100% used [0x00000007b4000000,0x00000007bea00000,0x00000007bea00000)
  from space 512K, 25% used [0x00000007bea80000,0x00000007beaa0000,0x00000007beb00000)
  to   space 512K, 0% used [0x00000007bea00000,0x00000007bea00000,0x00000007bea80000)
 ParOldGen       total 250880K, used 135366K [0x0000000790000000, 0x000000079f500000, 0x00000007b4000000)
  object space 250880K, 53% used [0x0000000790000000,0x0000000798431b78,0x000000079f500000)
 Metaspace       used 98575K, capacity 99276K, committed 100352K, reserved 1136640K
  class space    used 13807K, capacity 13969K, committed 14080K, reserved 1048576K
Event: 314194.534 GC heap after
Heap after GC invocations=1096 (full 7):
 PSYoungGen      total 174592K, used 160K [0x00000007b4000000, 0x00000007beb80000, 0x00000007c0000000)
  eden space 174080K, 0% used [0x00000007b4000000,0x00000007b4000000,0x00000007bea00000)
  from space 512K, 31% used [0x00000007bea00000,0x00000007bea28000,0x00000007bea80000)
  to   space 512K, 0% used [0x00000007beb00000,0x00000007beb00000,0x00000007beb80000)
 ParOldGen       total 250880K, used 135366K [0x0000000790000000, 0x000000079f500000, 0x00000007b4000000)
  object space 250880K, 53% used [0x0000000790000000,0x0000000798431b78,0x000000079f500000)
 Metaspace       used 98575K, capacity 99276K, committed 100352K, reserved 1136640K
  class space    used 13807K, capacity 13969K, committed 14080K, reserved 1048576K
}
Event: 314818.574 GC heap before
{Heap before GC invocations=1097 (full 7):
 PSYoungGen      total 174592K, used 174240K [0x00000007b4000000, 0x00000007beb80000, 0x00000007c0000000)
  eden space 174080K, 100% used [0x00000007b4000000,0x00000007bea00000,0x00000007bea00000)
  from space 512K, 31% used [0x00000007bea00000,0x00000007bea28000,0x00000007bea80000)
  to   space 512K, 0% used [0x00000007beb00000,0x00000007beb00000,0x00000007beb80000)
 ParOldGen       total 250880K, used 135366K [0x0000000790000000, 0x000000079f500000, 0x00000007b4000000)
  object space 250880K, 53% used [0x0000000790000000,0x0000000798431b78,0x000000079f500000)
 Metaspace       used 98575K, capacity 99276K, committed 100352K, reserved 1136640K
  class space    used 13807K, capacity 13969K, committed 14080K, reserved 1048576K
Event: 314818.577 GC heap after
Heap after GC invocations=1097 (full 7):
 PSYoungGen      total 175104K, used 224K [0x00000007b4000000, 0x00000007beb80000, 0x00000007c0000000)
  eden space 174592K, 0% used [0x00000007b4000000,0x00000007b4000000,0x00000007bea80000)
  from space 512K, 43% used [0x00000007beb00000,0x00000007beb38000,0x00000007beb80000)
  to   space 512K, 0% used [0x00000007bea80000,0x00000007bea80000,0x00000007beb00000)
 ParOldGen       total 250880K, used 135366K [0x0000000790000000, 0x000000079f500000, 0x00000007b4000000)
  object space 250880K, 53% used [0x0000000790000000,0x0000000798431b78,0x000000079f500000)
 Metaspace       used 98575K, capacity 99276K, committed 100352K, reserved 1136640K
  class space    used 13807K, capacity 13969K, committed 14080K, reserved 1048576K
}
Event: 315448.601 GC heap before
{Heap before GC invocations=1098 (full 7):
 PSYoungGen      total 175104K, used 174816K [0x00000007b4000000, 0x00000007beb80000, 0x00000007c0000000)
  eden space 174592K, 100% used [0x00000007b4000000,0x00000007bea80000,0x00000007bea80000)
  from space 512K, 43% used [0x00000007beb00000,0x00000007beb38000,0x00000007beb80000)
  to   space 512K, 0% used [0x00000007bea80000,0x00000007bea80000,0x00000007beb00000)
 ParOldGen       total 250880K, used 135366K [0x0000000790000000, 0x000000079f500000, 0x00000007b4000000)
  object space 250880K, 53% used [0x0000000790000000,0x0000000798431b78,0x000000079f500000)
 Metaspace       used 98575K, capacity 99276K, committed 100352K, reserved 1136640K
  class space    used 13807K, capacity 13969K, committed 14080K, reserved 1048576K
Event: 315448.604 GC heap after
Heap after GC invocations=1098 (full 7):
 PSYoungGen      total 175104K, used 128K [0x00000007b4000000, 0x00000007bec00000, 0x00000007c0000000)
  eden space 174592K, 0% used [0x00000007b4000000,0x00000007b4000000,0x00000007bea80000)
  from space 512K, 25% used [0x00000007bea80000,0x00000007beaa0000,0x00000007beb00000)
  to   space 512K, 0% used [0x00000007beb80000,0x00000007beb80000,0x00000007bec00000)
 ParOldGen       total 250880K, used 135366K [0x0000000790000000, 0x000000079f500000, 0x00000007b4000000)
  object space 250880K, 53% used [0x0000000790000000,0x0000000798431b78,0x000000079f500000)
 Metaspace       used 98575K, capacity 99276K, committed 100352K, reserved 1136640K
  class space    used 13807K, capacity 13969K, committed 14080K, reserved 1048576K
}

